0 info it worked if it ends with ok
1 verbose cli [ 'C:\\Program Files\\nodejs\\node.exe',
1 verbose cli   'C:\\Program Files\\nodejs\\node_modules\\npm\\bin\\npm-cli.js',
1 verbose cli   'install',
1 verbose cli   'bower' ]
2 info using npm@2.14.7
3 info using node@v4.2.1
4 verbose install initial load of C:\Users\Admin\hsylabs\package.json
5 verbose installManyTop reading scoped package data from C:\Users\Admin\hsylabs\node_modules\browser-sync\package.json
6 verbose installManyTop reading scoped package data from C:\Users\Admin\hsylabs\node_modules\express\package.json
7 verbose installManyTop reading scoped package data from C:\Users\Admin\hsylabs\node_modules\gulp\package.json
8 verbose installManyTop reading scoped package data from C:\Users\Admin\hsylabs\node_modules\gulp-autoprefixer\package.json
9 verbose installManyTop reading scoped package data from C:\Users\Admin\hsylabs\node_modules\gulp-gh-pages\package.json
10 verbose installManyTop reading scoped package data from C:\Users\Admin\hsylabs\node_modules\gulp-jade\package.json
11 verbose installManyTop reading scoped package data from C:\Users\Admin\hsylabs\node_modules\gulp-plumber\package.json
12 verbose installManyTop reading scoped package data from C:\Users\Admin\hsylabs\node_modules\gulp-sass\package.json
13 verbose installManyTop reading scoped package data from C:\Users\Admin\hsylabs\node_modules\gzippo\package.json
14 verbose installManyTop reading scoped package data from C:\Users\Admin\hsylabs\node_modules\mo-js\package.json
15 info package.json gzippo@0.2.0 No license field.
16 verbose readDependencies loading dependencies from C:\Users\Admin\hsylabs\package.json
17 silly cache add args [ 'bower', null ]
18 verbose cache add spec bower
19 silly cache add parsed spec Result {
19 silly cache add   raw: 'bower',
19 silly cache add   scope: null,
19 silly cache add   name: 'bower',
19 silly cache add   rawSpec: '',
19 silly cache add   spec: '*',
19 silly cache add   type: 'range' }
20 silly addNamed bower@*
21 verbose addNamed "*" is a valid semver range for bower
22 silly addNameRange { name: 'bower', range: '*', hasData: false }
23 silly mapToRegistry name bower
24 silly mapToRegistry using default registry
25 silly mapToRegistry registry https://registry.npmjs.org/
26 silly mapToRegistry uri https://registry.npmjs.org/bower
27 verbose addNameRange registry:https://registry.npmjs.org/bower not in flight; fetching
28 verbose request uri https://registry.npmjs.org/bower
29 verbose request no auth needed
30 info attempt registry request try #1 at 11:22:23 PM
31 verbose request id 5118f6200f814995
32 verbose etag "899RLH3RLOEUE1DZ304PPX4PP"
33 http request GET https://registry.npmjs.org/bower
34 http 304 https://registry.npmjs.org/bower
35 verbose headers { date: 'Mon, 23 Nov 2015 18:22:27 GMT',
35 verbose headers   via: '1.1 varnish',
35 verbose headers   'cache-control': 'max-age=60',
35 verbose headers   etag: '"899RLH3RLOEUE1DZ304PPX4PP"',
35 verbose headers   age: '43',
35 verbose headers   connection: 'keep-alive',
35 verbose headers   'x-served-by': 'cache-ams4139-AMS',
35 verbose headers   'x-cache': 'HIT',
35 verbose headers   'x-cache-hits': '1',
35 verbose headers   'x-timer': 'S1448302947.740001,VS0,VE0',
35 verbose headers   vary: 'Accept' }
36 silly get cb [ 304,
36 silly get   { date: 'Mon, 23 Nov 2015 18:22:27 GMT',
36 silly get     via: '1.1 varnish',
36 silly get     'cache-control': 'max-age=60',
36 silly get     etag: '"899RLH3RLOEUE1DZ304PPX4PP"',
36 silly get     age: '43',
36 silly get     connection: 'keep-alive',
36 silly get     'x-served-by': 'cache-ams4139-AMS',
36 silly get     'x-cache': 'HIT',
36 silly get     'x-cache-hits': '1',
36 silly get     'x-timer': 'S1448302947.740001,VS0,VE0',
36 silly get     vary: 'Accept' } ]
37 verbose etag https://registry.npmjs.org/bower from cache
38 verbose get saving bower to C:\Users\Admin\AppData\Roaming\npm-cache\registry.npmjs.org\bower\.cache.json
39 silly addNameRange number 2 { name: 'bower', range: '*', hasData: true }
40 silly addNameRange versions [ 'bower',
40 silly addNameRange   [ '0.1.0',
40 silly addNameRange     '0.1.2',
40 silly addNameRange     '0.1.3',
40 silly addNameRange     '0.2.0',
40 silly addNameRange     '0.3.0',
40 silly addNameRange     '0.3.1',
40 silly addNameRange     '0.3.2',
40 silly addNameRange     '0.4.0',
40 silly addNameRange     '0.5.0',
40 silly addNameRange     '0.5.1',
40 silly addNameRange     '0.6.0',
40 silly addNameRange     '0.6.1',
40 silly addNameRange     '0.6.2',
40 silly addNameRange     '0.6.3',
40 silly addNameRange     '0.6.4',
40 silly addNameRange     '0.6.5',
40 silly addNameRange     '0.6.6',
40 silly addNameRange     '0.6.7',
40 silly addNameRange     '0.6.8',
40 silly addNameRange     '0.7.0',
40 silly addNameRange     '0.7.1',
40 silly addNameRange     '0.8.0',
40 silly addNameRange     '0.8.1',
40 silly addNameRange     '0.8.2',
40 silly addNameRange     '0.8.3',
40 silly addNameRange     '0.8.4',
40 silly addNameRange     '0.8.5',
40 silly addNameRange     '0.8.6',
40 silly addNameRange     '0.9.0',
40 silly addNameRange     '0.9.1',
40 silly addNameRange     '0.9.2',
40 silly addNameRange     '0.10.0',
40 silly addNameRange     '1.0.0',
40 silly addNameRange     '1.0.1',
40 silly addNameRange     '1.0.2',
40 silly addNameRange     '1.0.3',
40 silly addNameRange     '1.1.0',
40 silly addNameRange     '1.1.1',
40 silly addNameRange     '1.1.2',
40 silly addNameRange     '1.2.0',
40 silly addNameRange     '1.2.1',
40 silly addNameRange     '1.2.2',
40 silly addNameRange     '1.2.3',
40 silly addNameRange     '1.2.4',
40 silly addNameRange     '1.2.5',
40 silly addNameRange     '1.2.6',
40 silly addNameRange     '1.2.7',
40 silly addNameRange     '1.2.8',
40 silly addNameRange     '1.3.0',
40 silly addNameRange     '1.3.1',
40 silly addNameRange     '1.3.2',
40 silly addNameRange     '1.3.3',
40 silly addNameRange     '1.3.4',
40 silly addNameRange     '1.3.5',
40 silly addNameRange     '1.3.6',
40 silly addNameRange     '1.3.7',
40 silly addNameRange     '1.3.8',
40 silly addNameRange     '1.3.9',
40 silly addNameRange     '1.3.10',
40 silly addNameRange     '1.3.11',
40 silly addNameRange     '1.3.12',
40 silly addNameRange     '1.4.0',
40 silly addNameRange     '1.4.1',
40 silly addNameRange     '1.5.0',
40 silly addNameRange     '1.5.1',
40 silly addNameRange     '1.5.2',
40 silly addNameRange     '1.5.3',
40 silly addNameRange     '1.6.2',
40 silly addNameRange     '1.6.3',
40 silly addNameRange     '1.6.4',
40 silly addNameRange     '1.6.5' ] ]
41 silly addNamed bower@1.6.5
42 verbose addNamed "1.6.5" is a plain semver version for bower
43 silly mapToRegistry name bower
44 silly mapToRegistry using default registry
45 silly mapToRegistry registry https://registry.npmjs.org/
46 silly mapToRegistry uri https://registry.npmjs.org/bower
47 verbose addRemoteTarball https://registry.npmjs.org/bower/-/bower-1.6.5.tgz not in flight; adding
48 verbose addRemoteTarball [ 'https://registry.npmjs.org/bower/-/bower-1.6.5.tgz',
48 verbose addRemoteTarball   '59d457122a161e42cc1625bbab8179c214b7ac11' ]
49 info retry fetch attempt 1 at 11:22:25 PM
50 info attempt registry request try #1 at 11:22:25 PM
51 http fetch GET https://registry.npmjs.org/bower/-/bower-1.6.5.tgz
52 http fetch 200 https://registry.npmjs.org/bower/-/bower-1.6.5.tgz
53 silly fetchAndShaCheck shasum 59d457122a161e42cc1625bbab8179c214b7ac11
54 verbose stack Error: shasum check failed for C:\cygnus\CYGWIN~1\H-I586~1\BIN_~1\npm-31512-09fdbbbc\registry.npmjs.org\bower\-\bower-1.6.5.tgz
54 verbose stack Expected: 59d457122a161e42cc1625bbab8179c214b7ac11
54 verbose stack Actual:   2a627d758b7643e17b122e6fea73909414a15c6d
54 verbose stack From:     https://registry.npmjs.org/bower/-/bower-1.6.5.tgz
54 verbose stack     at C:\Program Files\nodejs\node_modules\npm\node_modules\sha\index.js:25:8
54 verbose stack     at ReadStream.<anonymous> (C:\Program Files\nodejs\node_modules\npm\node_modules\sha\index.js:72:7)
54 verbose stack     at emitNone (events.js:72:20)
54 verbose stack     at ReadStream.emit (events.js:166:7)
54 verbose stack     at endReadableNT (_stream_readable.js:903:12)
54 verbose stack     at doNTCallback2 (node.js:439:9)
54 verbose stack     at process._tickCallback (node.js:353:17)
55 verbose cwd C:\Users\Admin\hsylabs
56 error Windows_NT 6.1.7601
57 error argv "C:\\Program Files\\nodejs\\node.exe" "C:\\Program Files\\nodejs\\node_modules\\npm\\bin\\npm-cli.js" "install" "bower"
58 error node v4.2.1
59 error npm  v2.14.7
60 error shasum check failed for C:\cygnus\CYGWIN~1\H-I586~1\BIN_~1\npm-31512-09fdbbbc\registry.npmjs.org\bower\-\bower-1.6.5.tgz
60 error Expected: 59d457122a161e42cc1625bbab8179c214b7ac11
60 error Actual:   2a627d758b7643e17b122e6fea73909414a15c6d
60 error From:     https://registry.npmjs.org/bower/-/bower-1.6.5.tgz
61 error If you need help, you may report this error at:
61 error     <https://github.com/npm/npm/issues>
62 verbose exit [ 1, true ]
